<?xml version="1.0" encoding="UTF-8"?>
<Site BuildName="(empty)"
	BuildStamp="20240712-0706-Experimental"
	Name="ROSnoetic"
	Generator="ctest-3.16.3"
	CompilerName="/usr/bin/c++"
	CompilerVersion="9.4.0"
	OSName="Linux"
	Hostname="ROSnoetic"
	OSRelease="5.15.0-113-generic"
	OSVersion="#123~20.04.1-Ubuntu SMP Wed Jun 12 17:33:13 UTC 2024"
	OSPlatform="x86_64"
	Is64Bits="1"
	VendorString="GenuineIntel"
	VendorID="Intel Corporation"
	FamilyID="6"
	ModelID="183"
	ProcessorCacheSize="30720"
	NumberOfLogicalCPU="8"
	NumberOfPhysicalCPU="8"
	TotalVirtualMemory="2047"
	TotalPhysicalMemory="7936"
	LogicalProcessorsPerPhysical="1"
	ProcessorClockFrequency="3417.6"
	>
	<Testing>
		<StartDateTime>Jul 12 15:06 CST</StartDateTime>
		<StartTestTime>1720768013</StartTestTime>
		<TestList/>
		<EndDateTime>Jul 12 15:06 CST</EndDateTime>
		<EndTestTime>1720768013</EndTestTime>
		<ElapsedMinutes>0</ElapsedMinutes>
	</Testing>
</Site>
